d:\git\visual-datastructures\datastructures\datastructures\debug\vc141.pdb
d:\git\visual-datastructures\datastructures\datastructures\debug\vc141.idb
d:\git\visual-datastructures\datastructures\datastructures\debug\bst.obj
d:\git\visual-datastructures\datastructures\datastructures\debug\hashtable.obj
d:\git\visual-datastructures\datastructures\datastructures\debug\llist.obj
d:\git\visual-datastructures\datastructures\datastructures\debug\linkedlist.obj
d:\git\visual-datastructures\datastructures\datastructures\debug\node.obj
d:\git\visual-datastructures\datastructures\datastructures\debug\main.obj
d:\git\visual-datastructures\datastructures\datastructures\debug\queue.obj
d:\git\visual-datastructures\datastructures\datastructures\debug\stack.obj
d:\git\visual-datastructures\datastructures\datastructures\debug\vector.obj
d:\git\visual-datastructures\datastructures\debug\datastructures.ilk
d:\git\visual-datastructures\datastructures\debug\datastructures.exe
d:\git\visual-datastructures\datastructures\debug\datastructures.pdb
d:\git\visual-datastructures\datastructures\datastructures\debug\datastructures.tlog\cl.command.1.tlog
d:\git\visual-datastructures\datastructures\datastructures\debug\datastructures.tlog\cl.read.1.tlog
d:\git\visual-datastructures\datastructures\datastructures\debug\datastructures.tlog\cl.write.1.tlog
d:\git\visual-datastructures\datastructures\datastructures\debug\datastructures.tlog\link.command.1.tlog
d:\git\visual-datastructures\datastructures\datastructures\debug\datastructures.tlog\link.read.1.tlog
d:\git\visual-datastructures\datastructures\datastructures\debug\datastructures.tlog\link.write.1.tlog
